mode: set
aexp_assesment/util/uuid.go:10.28,13.16 3 1
aexp_assesment/util/uuid.go:13.16,15.3 1 0
aexp_assesment/util/uuid.go:17.2,25.3 3 1
aexp_assesment/domain/error.go:15.47,17.2 1 1
aexp_assesment/domain/error.go:20.54,23.2 2 1
aexp_assesment/domain/error.go:33.46,35.2 1 1
aexp_assesment/domain/error.go:38.53,41.2 2 1
aexp_assesment/domain/error.go:49.48,51.2 1 1
aexp_assesment/domain/error.go:54.55,57.2 2 1
aexp_assesment/domain/error.go:62.54,64.2 1 1
aexp_assesment/domain/error.go:67.76,73.2 1 1
aexp_assesment/domain/error.go:76.55,78.2 1 1
aexp_assesment/domain/error.go:83.45,86.2 2 1
aexp_assesment/domain/error.go:89.44,92.2 2 1
aexp_assesment/domain/error.go:95.46,98.2 2 1
aexp_assesment/store/factory.go:10.63,11.14 1 1
aexp_assesment/store/factory.go:12.23,13.33 1 1
aexp_assesment/store/factory.go:14.14,15.17 1 1
aexp_assesment/store/factory.go:15.17,17.4 1 0
aexp_assesment/store/factory.go:18.3,18.28 1 1
aexp_assesment/store/factory.go:19.10,20.57 1 0
aexp_assesment/store/file.go:26.52,31.41 2 1
aexp_assesment/store/file.go:31.41,33.3 1 0
aexp_assesment/store/file.go:34.2,34.15 1 1
aexp_assesment/store/file.go:37.42,42.16 4 1
aexp_assesment/store/file.go:42.16,43.25 1 1
aexp_assesment/store/file.go:43.25,46.4 1 1
aexp_assesment/store/file.go:47.3,47.13 1 0
aexp_assesment/store/file.go:49.2,50.17 2 1
aexp_assesment/store/file.go:50.17,52.3 1 0
aexp_assesment/store/file.go:53.2,53.49 1 1
aexp_assesment/store/file.go:53.49,55.3 1 0
aexp_assesment/store/file.go:56.2,56.25 1 1
aexp_assesment/store/file.go:56.25,58.3 1 1
aexp_assesment/store/file.go:59.2,59.12 1 1
aexp_assesment/store/file.go:62.40,64.48 2 1
aexp_assesment/store/file.go:64.48,66.3 1 0
aexp_assesment/store/file.go:67.2,68.31 2 1
aexp_assesment/store/file.go:68.31,70.3 1 1
aexp_assesment/store/file.go:72.2,72.39 1 1
aexp_assesment/store/file.go:72.39,72.73 1 1
aexp_assesment/store/file.go:73.2,74.16 2 1
aexp_assesment/store/file.go:74.16,76.3 1 0
aexp_assesment/store/file.go:77.2,78.56 2 1
aexp_assesment/store/file.go:78.56,80.3 1 0
aexp_assesment/store/file.go:81.2,81.31 1 1
aexp_assesment/store/file.go:84.79,85.34 1 1
aexp_assesment/store/file.go:85.34,87.3 1 0
aexp_assesment/store/file.go:88.2,88.22 1 1
aexp_assesment/store/file.go:88.22,90.3 1 0
aexp_assesment/store/file.go:91.2,91.24 1 1
aexp_assesment/store/file.go:91.24,93.3 1 0
aexp_assesment/store/file.go:94.2,94.23 1 1
aexp_assesment/store/file.go:94.23,96.3 1 0
aexp_assesment/store/file.go:97.2,97.26 1 1
aexp_assesment/store/file.go:97.26,99.3 1 0
aexp_assesment/store/file.go:101.2,104.41 3 1
aexp_assesment/store/file.go:104.41,106.3 1 0
aexp_assesment/store/file.go:107.2,108.23 2 1
aexp_assesment/store/file.go:111.81,112.34 1 1
aexp_assesment/store/file.go:112.34,114.3 1 0
aexp_assesment/store/file.go:115.2,118.9 4 1
aexp_assesment/store/file.go:118.9,120.3 1 0
aexp_assesment/store/file.go:121.2,121.15 1 1
aexp_assesment/store/file.go:124.90,125.34 1 1
aexp_assesment/store/file.go:125.34,127.3 1 0
aexp_assesment/store/file.go:128.2,128.24 1 1
aexp_assesment/store/file.go:128.24,130.3 1 0
aexp_assesment/store/file.go:131.2,131.23 1 1
aexp_assesment/store/file.go:131.23,133.3 1 0
aexp_assesment/store/file.go:134.2,134.26 1 1
aexp_assesment/store/file.go:134.26,136.3 1 0
aexp_assesment/store/file.go:138.2,141.34 3 1
aexp_assesment/store/file.go:141.34,143.3 1 0
aexp_assesment/store/file.go:144.2,146.23 3 1
aexp_assesment/store/file.go:149.66,150.34 1 1
aexp_assesment/store/file.go:150.34,152.3 1 0
aexp_assesment/store/file.go:153.2,155.34 3 1
aexp_assesment/store/file.go:155.34,157.3 1 0
aexp_assesment/store/file.go:158.2,159.23 2 1
aexp_assesment/store/file.go:162.99,163.34 1 1
aexp_assesment/store/file.go:163.34,165.3 1 0
aexp_assesment/store/file.go:166.2,169.31 4 1
aexp_assesment/store/file.go:169.31,170.61 1 1
aexp_assesment/store/file.go:170.61,171.12 1 1
aexp_assesment/store/file.go:173.3,173.59 1 1
aexp_assesment/store/file.go:173.59,174.12 1 1
aexp_assesment/store/file.go:176.3,176.59 1 1
aexp_assesment/store/file.go:176.59,177.12 1 1
aexp_assesment/store/file.go:179.3,179.23 1 1
aexp_assesment/store/file.go:181.2,181.23 1 1
aexp_assesment/store/file.go:182.14,183.39 1 1
aexp_assesment/store/file.go:183.39,184.30 1 1
aexp_assesment/store/file.go:184.30,186.5 1 0
aexp_assesment/store/file.go:187.4,187.36 1 1
aexp_assesment/store/file.go:189.15,190.39 1 1
aexp_assesment/store/file.go:190.39,191.30 1 1
aexp_assesment/store/file.go:191.30,193.5 1 1
aexp_assesment/store/file.go:194.4,194.38 1 0
aexp_assesment/store/file.go:196.18,197.39 1 0
aexp_assesment/store/file.go:197.39,198.30 1 0
aexp_assesment/store/file.go:198.30,200.5 1 0
aexp_assesment/store/file.go:201.4,201.44 1 0
aexp_assesment/store/file.go:204.2,204.17 1 1
aexp_assesment/store/file.go:207.86,208.34 1 1
aexp_assesment/store/file.go:208.34,210.3 1 0
aexp_assesment/store/file.go:211.2,219.19 7 1
aexp_assesment/store/file.go:219.19,221.23 2 1
aexp_assesment/store/file.go:221.23,222.36 1 1
aexp_assesment/store/file.go:222.36,225.5 2 0
aexp_assesment/store/file.go:227.4,227.67 1 1
aexp_assesment/store/file.go:227.67,229.13 2 1
aexp_assesment/store/file.go:231.4,232.40 2 1
aexp_assesment/store/file.go:232.40,235.13 3 1
aexp_assesment/store/file.go:237.4,238.18 2 1
aexp_assesment/store/file.go:242.2,243.30 2 1
aexp_assesment/store/file.go:243.30,245.3 1 1
aexp_assesment/store/file.go:246.2,246.19 1 1
aexp_assesment/store/file.go:246.19,248.3 1 0
aexp_assesment/store/file.go:249.2,250.32 2 1
aexp_assesment/store/file.go:250.32,252.3 1 1
aexp_assesment/store/file.go:254.2,254.12 1 1
aexp_assesment/store/file.go:254.12,255.30 1 1
aexp_assesment/store/file.go:255.30,256.11 1 1
aexp_assesment/store/file.go:257.22,258.10 1 0
aexp_assesment/store/file.go:259.19,259.19 0 1
aexp_assesment/store/file.go:262.3,262.14 1 1
aexp_assesment/store/file.go:265.2,269.22 4 1
aexp_assesment/store/file.go:269.22,270.23 1 1
aexp_assesment/store/file.go:270.23,272.4 1 1
aexp_assesment/store/file.go:272.9,274.4 1 0
aexp_assesment/store/file.go:278.2,280.27 3 1
aexp_assesment/store/file.go:280.27,281.42 1 1
aexp_assesment/store/file.go:281.42,283.24 2 1
aexp_assesment/store/file.go:283.24,285.5 1 1
aexp_assesment/store/file.go:285.10,287.5 1 0
aexp_assesment/store/file.go:288.4,288.12 1 1
aexp_assesment/store/file.go:290.3,290.21 1 1
aexp_assesment/store/file.go:292.2,292.39 1 1
aexp_assesment/store/file.go:292.39,293.23 1 0
aexp_assesment/store/file.go:293.23,295.4 1 0
aexp_assesment/store/file.go:296.3,296.46 1 0
aexp_assesment/store/file.go:298.2,298.18 1 1
aexp_assesment/store/memory.go:19.40,23.2 1 1
aexp_assesment/store/memory.go:28.83,29.9 1 1
aexp_assesment/store/memory.go:30.20,31.19 1 0
aexp_assesment/store/memory.go:32.10,32.10 0 1
aexp_assesment/store/memory.go:36.2,36.22 1 1
aexp_assesment/store/memory.go:36.22,38.3 1 1
aexp_assesment/store/memory.go:39.2,39.24 1 1
aexp_assesment/store/memory.go:39.24,41.3 1 1
aexp_assesment/store/memory.go:42.2,42.23 1 1
aexp_assesment/store/memory.go:42.23,44.3 1 1
aexp_assesment/store/memory.go:45.2,45.26 1 1
aexp_assesment/store/memory.go:45.26,47.3 1 1
aexp_assesment/store/memory.go:49.2,52.49 3 1
aexp_assesment/store/memory.go:52.49,54.3 1 1
aexp_assesment/store/memory.go:55.2,56.12 2 1
aexp_assesment/store/memory.go:59.85,60.9 1 1
aexp_assesment/store/memory.go:61.20,62.37 1 0
aexp_assesment/store/memory.go:63.10,63.10 0 1
aexp_assesment/store/memory.go:66.2,70.9 4 1
aexp_assesment/store/memory.go:70.9,72.3 1 1
aexp_assesment/store/memory.go:73.2,73.15 1 1
aexp_assesment/store/memory.go:76.94,77.9 1 1
aexp_assesment/store/memory.go:78.20,79.19 1 0
aexp_assesment/store/memory.go:80.10,80.10 0 1
aexp_assesment/store/memory.go:83.2,83.24 1 1
aexp_assesment/store/memory.go:83.24,85.3 1 1
aexp_assesment/store/memory.go:86.2,86.23 1 1
aexp_assesment/store/memory.go:86.23,88.3 1 0
aexp_assesment/store/memory.go:89.2,89.26 1 1
aexp_assesment/store/memory.go:89.26,91.3 1 0
aexp_assesment/store/memory.go:93.2,96.34 3 1
aexp_assesment/store/memory.go:96.34,98.3 1 1
aexp_assesment/store/memory.go:99.2,101.12 3 0
aexp_assesment/store/memory.go:104.70,105.9 1 1
aexp_assesment/store/memory.go:106.20,107.19 1 0
aexp_assesment/store/memory.go:108.10,108.10 0 1
aexp_assesment/store/memory.go:111.2,114.34 3 1
aexp_assesment/store/memory.go:114.34,116.3 1 1
aexp_assesment/store/memory.go:117.2,118.12 2 0
aexp_assesment/store/memory.go:121.103,122.9 1 1
aexp_assesment/store/memory.go:123.20,124.24 1 0
aexp_assesment/store/memory.go:125.10,125.10 0 1
aexp_assesment/store/memory.go:128.2,132.31 4 1
aexp_assesment/store/memory.go:132.31,133.61 1 1
aexp_assesment/store/memory.go:133.61,134.12 1 1
aexp_assesment/store/memory.go:136.3,136.59 1 1
aexp_assesment/store/memory.go:136.59,137.12 1 0
aexp_assesment/store/memory.go:139.3,139.59 1 1
aexp_assesment/store/memory.go:139.59,140.12 1 0
aexp_assesment/store/memory.go:142.3,142.23 1 1
aexp_assesment/store/memory.go:145.2,145.23 1 1
aexp_assesment/store/memory.go:146.14,147.39 1 0
aexp_assesment/store/memory.go:147.39,148.30 1 0
aexp_assesment/store/memory.go:148.30,150.5 1 0
aexp_assesment/store/memory.go:151.4,151.36 1 0
aexp_assesment/store/memory.go:153.15,154.39 1 1
aexp_assesment/store/memory.go:154.39,155.30 1 1
aexp_assesment/store/memory.go:155.30,157.5 1 1
aexp_assesment/store/memory.go:158.4,158.38 1 0
aexp_assesment/store/memory.go:160.18,161.39 1 0
aexp_assesment/store/memory.go:161.39,162.30 1 0
aexp_assesment/store/memory.go:162.30,164.5 1 0
aexp_assesment/store/memory.go:165.4,165.44 1 0
aexp_assesment/store/memory.go:169.2,169.17 1 1
aexp_assesment/store/memory.go:172.90,173.34 1 1
aexp_assesment/store/memory.go:173.34,175.3 1 1
aexp_assesment/store/memory.go:177.2,178.24 2 1
aexp_assesment/store/memory.go:178.24,180.3 1 0
aexp_assesment/store/memory.go:182.2,192.19 5 1
aexp_assesment/store/memory.go:192.19,194.7 2 1
aexp_assesment/store/memory.go:194.7,195.11 1 1
aexp_assesment/store/memory.go:196.22,197.11 1 1
aexp_assesment/store/memory.go:198.25,199.12 1 1
aexp_assesment/store/memory.go:199.12,201.6 1 1
aexp_assesment/store/memory.go:202.5,202.44 1 1
aexp_assesment/store/memory.go:202.44,204.6 1 1
aexp_assesment/store/memory.go:204.11,206.6 1 1
aexp_assesment/store/memory.go:211.2,212.30 2 1
aexp_assesment/store/memory.go:212.30,214.3 1 1
aexp_assesment/store/memory.go:216.2,217.32 2 1
aexp_assesment/store/memory.go:217.32,219.3 1 1
aexp_assesment/store/memory.go:222.2,222.12 1 1
aexp_assesment/store/memory.go:222.12,224.30 2 1
aexp_assesment/store/memory.go:224.30,225.11 1 1
aexp_assesment/store/memory.go:226.22,227.11 1 1
aexp_assesment/store/memory.go:228.19,228.19 0 1
aexp_assesment/store/memory.go:234.2,236.31 3 1
aexp_assesment/store/memory.go:236.31,237.10 1 1
aexp_assesment/store/memory.go:238.21,241.20 2 1
aexp_assesment/store/memory.go:242.25,244.22 2 1
aexp_assesment/store/memory.go:244.22,245.25 1 1
aexp_assesment/store/memory.go:245.25,247.6 1 1
aexp_assesment/store/memory.go:247.11,249.6 1 0
aexp_assesment/store/memory.go:255.2,256.18 2 1
aexp_assesment/cmd/inventory/main.go:9.13,10.38 1 0
aexp_assesment/cmd/inventory/main.go:10.38,13.3 2 0
aexp_assesment/cli/commands.go:36.68,38.27 1 1
aexp_assesment/cli/commands.go:38.27,40.5 1 1
aexp_assesment/cli/commands.go:45.4,46.17 2 1
aexp_assesment/cli/commands.go:46.17,48.48 2 0
aexp_assesment/cli/commands.go:48.48,50.6 1 0
aexp_assesment/cli/commands.go:53.4,58.35 5 1
aexp_assesment/cli/commands.go:59.17,60.26 1 0
aexp_assesment/cli/commands.go:61.27,62.25 1 0
aexp_assesment/cli/commands.go:63.17,64.26 1 0
aexp_assesment/cli/commands.go:65.12,66.25 1 1
aexp_assesment/cli/commands.go:68.4,72.14 5 1
aexp_assesment/cli/commands.go:84.13,95.55 1 1
aexp_assesment/cli/commands.go:95.55,97.8 2 0
aexp_assesment/cli/commands.go:97.8,100.19 3 0
aexp_assesment/cli/commands.go:100.19,102.6 1 0
aexp_assesment/cli/commands.go:103.5,104.19 2 0
aexp_assesment/cli/commands.go:104.19,105.14 1 0
aexp_assesment/cli/commands.go:107.5,107.41 1 0
aexp_assesment/cli/commands.go:107.41,109.6 1 0
aexp_assesment/cli/commands.go:111.5,114.45 3 0
aexp_assesment/cli/commands.go:114.45,116.6 1 0
aexp_assesment/cli/commands.go:118.5,118.25 1 0
aexp_assesment/cli/commands.go:122.2,147.55 16 1
aexp_assesment/cli/commands.go:147.55,148.18 1 1
aexp_assesment/cli/commands.go:148.18,150.5 1 0
aexp_assesment/cli/commands.go:151.4,154.71 4 1
aexp_assesment/cli/commands.go:154.71,157.5 2 0
aexp_assesment/cli/commands.go:158.4,162.14 5 1
aexp_assesment/cli/commands.go:165.2,178.55 6 1
aexp_assesment/cli/commands.go:178.55,181.18 3 1
aexp_assesment/cli/commands.go:181.18,182.43 1 0
aexp_assesment/cli/commands.go:182.43,185.6 2 0
aexp_assesment/cli/commands.go:186.5,186.15 1 0
aexp_assesment/cli/commands.go:188.4,190.14 3 1
aexp_assesment/cli/commands.go:193.2,207.55 8 1
aexp_assesment/cli/commands.go:207.55,209.40 2 1
aexp_assesment/cli/commands.go:209.40,211.5 1 0
aexp_assesment/cli/commands.go:212.4,212.40 1 1
aexp_assesment/cli/commands.go:212.40,214.5 1 0
aexp_assesment/cli/commands.go:215.4,216.18 2 1
aexp_assesment/cli/commands.go:216.18,218.5 1 0
aexp_assesment/cli/commands.go:219.4,219.25 1 1
aexp_assesment/cli/commands.go:219.25,223.5 3 1
aexp_assesment/cli/commands.go:224.4,224.26 1 1
aexp_assesment/cli/commands.go:224.26,226.5 1 1
aexp_assesment/cli/commands.go:227.4,227.14 1 1
aexp_assesment/cli/commands.go:230.2,249.55 12 1
aexp_assesment/cli/commands.go:249.55,252.18 3 1
aexp_assesment/cli/commands.go:252.18,254.5 1 0
aexp_assesment/cli/commands.go:255.4,255.35 1 1
aexp_assesment/cli/commands.go:255.35,257.5 1 0
aexp_assesment/cli/commands.go:258.4,258.36 1 1
aexp_assesment/cli/commands.go:258.36,260.5 1 1
aexp_assesment/cli/commands.go:261.4,261.39 1 1
aexp_assesment/cli/commands.go:261.39,263.5 1 0
aexp_assesment/cli/commands.go:264.4,264.39 1 1
aexp_assesment/cli/commands.go:264.39,266.5 1 0
aexp_assesment/cli/commands.go:267.4,268.75 2 1
aexp_assesment/cli/commands.go:268.75,271.5 2 0
aexp_assesment/cli/commands.go:272.4,276.14 5 1
aexp_assesment/cli/commands.go:279.2,293.55 7 1
aexp_assesment/cli/commands.go:293.55,295.14 2 1
aexp_assesment/cli/commands.go:295.14,299.51 4 0
aexp_assesment/cli/commands.go:299.51,302.6 2 0
aexp_assesment/cli/commands.go:304.4,305.72 2 1
aexp_assesment/cli/commands.go:305.72,308.5 2 0
aexp_assesment/cli/commands.go:309.4,312.14 4 1
aexp_assesment/cli/commands.go:315.2,327.55 4 1
aexp_assesment/cli/commands.go:327.55,328.24 1 1
aexp_assesment/cli/commands.go:328.24,330.5 1 0
aexp_assesment/cli/commands.go:331.4,332.18 2 1
aexp_assesment/cli/commands.go:332.18,334.5 1 0
aexp_assesment/cli/commands.go:335.4,335.53 1 1
aexp_assesment/cli/commands.go:335.53,335.111 1 1
aexp_assesment/cli/commands.go:336.4,337.23 2 1
aexp_assesment/cli/commands.go:337.23,339.5 1 0
aexp_assesment/cli/commands.go:340.4,340.20 1 1
aexp_assesment/cli/commands.go:341.13,342.56 1 1
aexp_assesment/cli/commands.go:342.56,344.6 1 0
aexp_assesment/cli/commands.go:345.13,348.49 2 1
aexp_assesment/cli/commands.go:348.49,350.6 1 0
aexp_assesment/cli/commands.go:350.11,353.31 2 1
aexp_assesment/cli/commands.go:353.31,355.23 2 1
aexp_assesment/cli/commands.go:355.23,356.16 1 1
aexp_assesment/cli/commands.go:358.7,359.53 2 1
aexp_assesment/cli/commands.go:359.53,361.8 1 0
aexp_assesment/cli/commands.go:362.7,362.38 1 1
aexp_assesment/cli/commands.go:365.12,366.60 1 1
aexp_assesment/cli/commands.go:369.4,369.82 1 1
aexp_assesment/cli/commands.go:369.82,371.5 1 0
aexp_assesment/cli/commands.go:372.4,373.14 2 1
aexp_assesment/cli/commands.go:376.2,386.55 5 1
aexp_assesment/cli/commands.go:386.55,387.24 1 1
aexp_assesment/cli/commands.go:387.24,389.5 1 1
aexp_assesment/cli/commands.go:390.4,392.18 3 1
aexp_assesment/cli/commands.go:392.18,394.5 1 0
aexp_assesment/cli/commands.go:395.4,396.18 2 1
aexp_assesment/cli/commands.go:396.18,398.5 1 0
aexp_assesment/cli/commands.go:399.4,399.45 1 1
aexp_assesment/cli/commands.go:402.2,404.31 3 1
aexp_assesment/cli/commands.go:408.22,410.2 1 1
